Error: Cannot find module 'express'
Require stack:
- D:\development\Stressless\information-api-service\app.js
- D:\development\Stressless\information-api-service\bin\www
    at Function.Module._resolveFilename (internal/modules/cjs/loader.js:880:15)
    at Module.Hook._require.Module.require (C:\Users\Lenovo\AppData\Roaming\npm\node_modules\pm2\node_modules\require-in-the-middle\index.js:61:29)
    at require (internal/modules/cjs/helpers.js:88:18)
    at Object.<anonymous> (D:\development\Stressless\information-api-service\app.js:4:17)
    at Module._compile (internal/modules/cjs/loader.js:1063:30)
    at Object.Module._extensions..js (internal/modules/cjs/loader.js:1092:10)
    at Module.load (internal/modules/cjs/loader.js:928:32)
    at Function.Module._load (internal/modules/cjs/loader.js:769:14)
    at Module.require (internal/modules/cjs/loader.js:952:19)
    at Module.Hook._require.Module.require (C:\Users\Lenovo\AppData\Roaming\npm\node_modules\pm2\node_modules\require-in-the-middle\index.js:80:39)
Error: Cannot find module 'express'
Require stack:
- D:\development\Stressless\information-api-service\app.js
- D:\development\Stressless\information-api-service\bin\www
    at Function.Module._resolveFilename (internal/modules/cjs/loader.js:880:15)
    at Module.Hook._require.Module.require (C:\Users\Lenovo\AppData\Roaming\npm\node_modules\pm2\node_modules\require-in-the-middle\index.js:61:29)
    at require (internal/modules/cjs/helpers.js:88:18)
    at Object.<anonymous> (D:\development\Stressless\information-api-service\app.js:4:17)
    at Module._compile (internal/modules/cjs/loader.js:1063:30)
    at Object.Module._extensions..js (internal/modules/cjs/loader.js:1092:10)
    at Module.load (internal/modules/cjs/loader.js:928:32)
    at Function.Module._load (internal/modules/cjs/loader.js:769:14)
    at Module.require (internal/modules/cjs/loader.js:952:19)
    at Module.Hook._require.Module.require (C:\Users\Lenovo\AppData\Roaming\npm\node_modules\pm2\node_modules\require-in-the-middle\index.js:80:39)
